2025-12-18 16:20:28 - INFO - === НАЧАЛО ИГРЫ === Сессия: 20251218_162028
2025-12-18 16:20:28 - INFO - Загружен рекорд: 0 слов
2025-12-18 16:20:31 - INFO - Выбран уровень сложности: Сложный (3 жизней)
2025-12-18 16:20:31 - INFO - Загружен файл со словами. Всего слов: 15
2025-12-18 16:20:31 - INFO - Начало слова #1: 'декоратор' (длина: 9 букв)
2025-12-18 16:20:31 - INFO - Пользователь ввел: '123' (осталось жизней: 3)
2025-12-18 16:20:31 - WARNING - Некорректный ввод (не буквы): '123'
2025-12-18 16:20:34 - INFO - Пользователь ввел: 'df' (осталось жизней: 3)
2025-12-18 16:20:34 - INFO - Неверное слово целиком: 'df' вместо 'декоратор'
2025-12-18 16:20:34 - INFO - === ЗАВЕРШЕНИЕ ИГРЫ === Угадано слов: 0/15
2025-12-18 16:20:34 - INFO - Процент угаданных слов: 0.0%
2025-12-18 16:20:34 - INFO - Угадано слов: 0, Всего слов: 15, Рекорд: 0
2025-12-18 16:20:34 - INFO - Рекорд не побит. Текущий результат: 0, рекорд: 0
2025-12-18 16:20:34 - INFO - Кэш очищен
2025-12-18 16:20:34 - INFO - Игра завершена в 2025-12-18 16:20:34
2025-12-18 16:20:34 - INFO - ==================================================
2025-12-18 16:20:38 - INFO - Пользователь завершил игру
2025-12-18 16:45:20 - INFO - === НАЧАЛО ИГРЫ === Сессия: 20251218_164520
2025-12-18 16:45:20 - INFO - Загружен рекорд: 0 слов
2025-12-18 16:45:31 - WARNING - Некорректный выбор уровня: 'd'
2025-12-18 16:45:35 - INFO - Выбран уровень сложности: Средний (5 жизней)
2025-12-18 16:45:35 - INFO - Загружен файл со словами. Всего слов: 15
2025-12-18 16:45:35 - INFO - Начало слова #1: 'машинное' (длина: 8 букв)
2025-12-18 16:45:39 - INFO - Пользователь ввел: 'а' (осталось жизней: 5)
2025-12-18 16:45:39 - INFO - Угадана буква: 'а'
2025-12-18 16:45:39 - INFO - Прогресс слова: 1/8 букв - а
2025-12-18 16:45:40 - INFO - Пользователь ввел: 'в' (осталось жизней: 5)
2025-12-18 16:45:40 - INFO - Неверная буква: 'в', осталось жизней: 4
2025-12-18 16:45:41 - INFO - Пользователь ввел: 'ы' (осталось жизней: 4)
2025-12-18 16:45:41 - INFO - Неверная буква: 'ы', осталось жизней: 3
2025-12-18 16:45:42 - INFO - Пользователь ввел: 'п' (осталось жизней: 3)
2025-12-18 16:45:42 - INFO - Неверная буква: 'п', осталось жизней: 2
2025-12-18 16:45:44 - INFO - Пользователь ввел: 'р' (осталось жизней: 2)
2025-12-18 16:45:44 - INFO - Неверная буква: 'р', осталось жизней: 1
2025-12-18 16:45:45 - INFO - Пользователь ввел: 'н' (осталось жизней: 1)
2025-12-18 16:45:45 - INFO - Угадана буква: 'н'
2025-12-18 16:45:45 - INFO - Прогресс слова: 3/8 букв - а, н, н
2025-12-18 16:45:52 - INFO - Пользователь ввел: 'е' (осталось жизней: 1)
2025-12-18 16:45:52 - INFO - Угадана буква: 'е'
2025-12-18 16:45:52 - INFO - Прогресс слова: 4/8 букв - а, е, н, н
2025-12-18 16:45:54 - INFO - Пользователь ввел: 'у' (осталось жизней: 1)
2025-12-18 16:45:54 - INFO - Неверная буква: 'у', осталось жизней: 0
2025-12-18 16:45:54 - INFO - Закончились жизни для слова: 'машинное'. Угадано букв: 3
2025-12-18 16:45:54 - INFO - === ЗАВЕРШЕНИЕ ИГРЫ === Угадано слов: 0/15
2025-12-18 16:45:54 - INFO - Процент угаданных слов: 0.0%
2025-12-18 16:45:54 - INFO - Угадано слов: 0, Всего слов: 15, Рекорд: 0
2025-12-18 16:45:54 - INFO - Рекорд не побит. Текущий результат: 0, рекорд: 0
2025-12-18 16:45:54 - INFO - Кэш очищен
2025-12-18 16:45:54 - INFO - Игра завершена в 2025-12-18 16:45:54
2025-12-18 16:45:54 - INFO - ==================================================
2025-12-18 16:45:57 - INFO - Пользователь решил сыграть заново
2025-12-18 16:45:57 - INFO - === НАЧАЛО ИГРЫ === Сессия: 20251218_164557
2025-12-18 16:45:57 - INFO - Загружен рекорд: 0 слов
2025-12-18 16:45:58 - WARNING - Некорректный выбор уровня: 'у'
