
2025-12-10 17:57:58 - INFO - === НАЧАЛО ИГРЫ === Сессия: 20251210_175758
2025-12-10 17:57:58 - INFO - Загружен рекорд: 0 слов
2025-12-10 17:57:59 - WARNING - Некорректный выбор уровня: ''
2025-12-10 17:58:00 - WARNING - Некорректный выбор уровня: '123'
2025-12-10 17:58:01 - INFO - Выбран уровень сложности: Легкий (7 жизней)
2025-12-10 17:58:01 - INFO - Загружен файл со словами. Всего слов: 15
2025-12-10 17:58:01 - INFO - Начало слова #1: 'обучение' (длина: 8 букв)
2025-12-10 17:58:02 - INFO - Пользователь ввел: 'df' (осталось жизней: 7)
2025-12-10 17:58:02 - INFO - Неверное слово целиком: 'df' вместо 'обучение'
2025-12-10 17:58:02 - INFO - === ЗАВЕРШЕНИЕ ИГРЫ === Угадано слов: 0/15
2025-12-10 17:58:02 - INFO - Процент угаданных слов: 0.0%
2025-12-10 17:58:02 - INFO - Угадано слов: 0, Всего слов: 15, Рекорд: 0
2025-12-10 17:58:02 - INFO - Рекорд не побит. Текущий результат: 0, рекорд: 0
2025-12-10 17:58:02 - INFO - Кэш очищен
2025-12-10 17:58:02 - INFO - Игра завершена в 2025-12-10 17:58:02
2025-12-10 17:58:02 - INFO - ==================================================
2025-12-18 16:07:10 - INFO - === НАЧАЛО ИГРЫ === Сессия: 20251218_160710
2025-12-18 16:07:10 - INFO - Загружен рекорд: 0 слов
2025-12-18 16:07:12 - WARNING - Некорректный выбор уровня: ''
2025-12-18 16:07:14 - WARNING - Некорректный выбор уровня: '12 3'
2025-12-18 16:07:14 - INFO - Выбран уровень сложности: Легкий (7 жизней)
2025-12-18 16:07:14 - INFO - Загружен файл со словами. Всего слов: 15
2025-12-18 16:07:14 - INFO - Начало слова #1: 'программирование' (длина: 16 букв)
2025-12-18 16:07:16 - INFO - Пользователь ввел: 'f' (осталось жизней: 7)
2025-12-18 16:07:16 - INFO - Неверная буква: 'f', осталось жизней: 6
2025-12-18 16:07:18 - INFO - Пользователь ввел: 'а' (осталось жизней: 6)
2025-12-18 16:07:18 - INFO - Угадана буква: 'а'
2025-12-18 16:07:18 - INFO - Прогресс слова: 2/16 букв - а, а
2025-12-18 16:07:20 - INFO - Пользователь ввел: 'п' (осталось жизней: 6)
2025-12-18 16:07:20 - INFO - Угадана буква: 'п'
2025-12-18 16:07:20 - INFO - Прогресс слова: 3/16 букв - а, а, п
2025-12-18 16:07:23 - INFO - Пользователь ввел: 'р' (осталось жизней: 6)
2025-12-18 16:07:23 - INFO - Угадана буква: 'р'
2025-12-18 16:07:23 - INFO - Прогресс слова: 6/16 букв - а, а, п, р, р, р
2025-12-18 16:07:28 - INFO - Пользователь ввел: 'о' (осталось жизней: 6)
2025-12-18 16:07:28 - INFO - Угадана буква: 'о'
2025-12-18 16:07:28 - INFO - Прогресс слова: 8/16 букв - а, а, о, о, п, р, р, р
2025-12-18 16:07:32 - INFO - Пользователь ввел: 'я' (осталось жизней: 6)
2025-12-18 16:07:32 - INFO - Неверная буква: 'я', осталось жизней: 5
2025-12-18 16:07:34 - INFO - Пользователь ввел: 'и' (осталось жизней: 5)
2025-12-18 16:07:34 - INFO - Угадана буква: 'и'
2025-12-18 16:07:34 - INFO - Прогресс слова: 10/16 букв - а, а, и, и, о, о, п, р, р, р
2025-12-18 16:07:40 - INFO - Пользователь ввел: 'г' (осталось жизней: 5)
2025-12-18 16:07:40 - INFO - Угадана буква: 'г'
2025-12-18 16:07:40 - INFO - Прогресс слова: 11/16 букв - а, а, г, и, и, о, о, п, р, р, р
2025-12-18 16:07:47 - INFO - Пользователь ввел: 'программирование' (осталось жизней: 5)
2025-12-18 16:07:47 - INFO - Слово угадано целиком: 'программирование'
2025-12-18 16:08:34 - INFO - Пользователь выбрал: 'нет' после слова #1
2025-12-18 16:08:34 - INFO - Пользователь решил завершить игру после слова #1
2025-12-18 16:08:34 - INFO - === ЗАВЕРШЕНИЕ ИГРЫ === Угадано слов: 1/15
2025-12-18 16:08:34 - INFO - Процент угаданных слов: 6.7%
2025-12-18 16:08:34 - INFO - Угадано слов: 1, Всего слов: 15, Рекорд: 0
2025-12-18 16:08:34 - INFO - УСТАНОВЛЕН НОВЫЙ РЕКОРД: 1 (предыдущий: 0)
2025-12-18 16:08:34 - INFO - Кэш очищен
2025-12-18 16:08:34 - INFO - Игра завершена в 2025-12-18 16:08:34
2025-12-18 16:08:34 - INFO - ==================================================
2025-12-18 16:08:38 - INFO - === НАЧАЛО ИГРЫ === Сессия: 20251218_160838
2025-12-18 16:08:38 - INFO - Загружен рекорд: 0 слов
2025-12-18 16:08:40 - INFO - Выбран уровень сложности: Легкий (7 жизней)
2025-12-18 16:08:40 - INFO - Загружен файл со словами. Всего слов: 15
2025-12-18 16:08:40 - INFO - Начало слова #1: 'разработка' (длина: 10 букв)
2025-12-18 16:08:41 - INFO - Пользователь ввел: 'ап' (осталось жизней: 7)
2025-12-18 16:08:41 - INFO - Неверное слово целиком: 'ап' вместо 'разработка'
2025-12-18 16:08:41 - INFO - === ЗАВЕРШЕНИЕ ИГРЫ === Угадано слов: 0/15
2025-12-18 16:08:41 - INFO - Процент угаданных слов: 0.0%
2025-12-18 16:08:41 - INFO - Угадано слов: 0, Всего слов: 15, Рекорд: 0
2025-12-18 16:08:41 - INFO - Рекорд не побит. Текущий результат: 0, рекорд: 0
2025-12-18 16:08:41 - INFO - Кэш очищен
2025-12-18 16:08:41 - INFO - Игра завершена в 2025-12-18 16:08:41
2025-12-18 16:08:41 - INFO - ==================================================
2025-12-18 16:21:51 - INFO - === НАЧАЛО ИГРЫ === Сессия: 20251218_162151
2025-12-18 16:21:51 - INFO - Загружен рекорд: 0 слов
2025-12-18 16:21:53 - WARNING - Некорректный выбор уровня: '123'
2025-12-18 16:21:54 - INFO - Выбран уровень сложности: Легкий (7 жизней)
2025-12-18 16:21:54 - ERROR - Файл со словами не найден: C:\Users\GLEBAS~1\AppData\Local\Temp\_MEI222282\data\words.txt. Ошибка: [Errno 2] No such file or directory: 'C:\\Users\\GLEBAS~1\\AppData\\Local\\Temp\\_MEI222282\\data\\words.txt'
2025-12-18 16:21:56 - INFO - === НАЧАЛО ИГРЫ === Сессия: 20251218_162156
2025-12-18 16:21:56 - INFO - Загружен рекорд: 0 слов
2025-12-18 16:21:57 - INFO - Выбран уровень сложности: Легкий (7 жизней)
2025-12-18 16:21:57 - ERROR - Файл со словами не найден: C:\Users\GLEBAS~1\AppData\Local\Temp\_MEI15882\data\words.txt. Ошибка: [Errno 2] No such file or directory: 'C:\\Users\\GLEBAS~1\\AppData\\Local\\Temp\\_MEI15882\\data\\words.txt'
2025-12-18 16:21:59 - INFO - === НАЧАЛО ИГРЫ === Сессия: 20251218_162159
2025-12-18 16:21:59 - INFO - Загружен рекорд: 0 слов
2025-12-18 16:22:00 - INFO - Выбран уровень сложности: Легкий (7 жизней)
2025-12-18 16:22:00 - ERROR - Файл со словами не найден: C:\Users\GLEBAS~1\AppData\Local\Temp\_MEI138802\data\words.txt. Ошибка: [Errno 2] No such file or directory: 'C:\\Users\\GLEBAS~1\\AppData\\Local\\Temp\\_MEI138802\\data\\words.txt'
2025-12-18 16:22:04 - INFO - === НАЧАЛО ИГРЫ === Сессия: 20251218_162204
2025-12-18 16:22:04 - INFO - Загружен рекорд: 0 слов
2025-12-18 16:22:07 - INFO - Выбран уровень сложности: Средний (5 жизней)
2025-12-18 16:22:07 - ERROR - Файл со словами не найден: C:\Users\GLEBAS~1\AppData\Local\Temp\_MEI226202\data\words.txt. Ошибка: [Errno 2] No such file or directory: 'C:\\Users\\GLEBAS~1\\AppData\\Local\\Temp\\_MEI226202\\data\\words.txt'
2025-12-18 16:23:15 - INFO - === НАЧАЛО ИГРЫ === Сессия: 20251218_162315
2025-12-18 16:23:15 - INFO - Загружен рекорд: 0 слов
2025-12-18 16:23:19 - WARNING - Некорректный выбор уровня: '123'
2025-12-18 16:23:19 - INFO - Выбран уровень сложности: Легкий (7 жизней)
2025-12-18 16:23:19 - INFO - Загружен файл со словами. Всего слов: 15
2025-12-18 16:23:19 - INFO - Начало слова #1: 'машинное' (длина: 8 букв)
2025-12-18 16:23:21 - INFO - Пользователь ввел: 'f' (осталось жизней: 7)
2025-12-18 16:23:21 - INFO - Неверная буква: 'f', осталось жизней: 6
2025-12-18 16:23:23 - INFO - Пользователь ввел: 'а' (осталось жизней: 6)
2025-12-18 16:23:23 - INFO - Угадана буква: 'а'
2025-12-18 16:23:23 - INFO - Прогресс слова: 1/8 букв - а
2025-12-18 16:23:25 - INFO - Пользователь ввел: 'о' (осталось жизней: 6)
2025-12-18 16:23:25 - INFO - Угадана буква: 'о'
2025-12-18 16:23:25 - INFO - Прогресс слова: 2/8 букв - а, о
2025-12-18 16:23:26 - INFO - Пользователь ввел: 'е' (осталось жизней: 6)
2025-12-18 16:23:26 - INFO - Угадана буква: 'е'
2025-12-18 16:23:26 - INFO - Прогресс слова: 3/8 букв - а, е, о
2025-12-18 16:23:31 - INFO - Пользователь ввел: 'в' (осталось жизней: 6)
2025-12-18 16:23:31 - INFO - Неверная буква: 'в', осталось жизней: 5
2025-12-18 16:23:34 - INFO - Пользователь ввел: 'ыв' (осталось жизней: 5)
2025-12-18 16:23:34 - INFO - Неверное слово целиком: 'ыв' вместо 'машинное'
2025-12-18 16:23:34 - INFO - === ЗАВЕРШЕНИЕ ИГРЫ === Угадано слов: 0/15
2025-12-18 16:23:34 - INFO - Процент угаданных слов: 0.0%
2025-12-18 16:23:34 - INFO - Угадано слов: 0, Всего слов: 15, Рекорд: 0
2025-12-18 16:23:34 - INFO - Рекорд не побит. Текущий результат: 0, рекорд: 0
2025-12-18 16:23:34 - INFO - Кэш очищен
2025-12-18 16:23:34 - INFO - Игра завершена в 2025-12-18 16:23:34
2025-12-18 16:23:34 - INFO - ==================================================
2025-12-18 16:23:42 - INFO - Пользователь решил сыграть заново
2025-12-18 16:23:42 - INFO - === НАЧАЛО ИГРЫ === Сессия: 20251218_162342
2025-12-18 16:23:42 - INFO - Загружен рекорд: 0 слов
2025-12-18 16:23:44 - INFO - Выбран уровень сложности: Легкий (7 жизней)
2025-12-18 16:23:44 - INFO - Загружен файл со словами. Всего слов: 15
2025-12-18 16:23:44 - INFO - Начало слова #1: 'алгоритм' (длина: 8 букв)
2025-12-18 16:23:45 - INFO - Пользователь ввел: 'в' (осталось жизней: 7)
2025-12-18 16:23:45 - INFO - Неверная буква: 'в', осталось жизней: 6
2025-12-18 16:23:46 - INFO - Пользователь ввел: 'а' (осталось жизней: 6)
2025-12-18 16:23:46 - INFO - Угадана буква: 'а'
2025-12-18 16:23:46 - INFO - Прогресс слова: 1/8 букв - а
2025-12-18 16:23:47 - INFO - Пользователь ввел: 'е' (осталось жизней: 6)
2025-12-18 16:23:47 - INFO - Неверная буква: 'е', осталось жизней: 5
2025-12-18 16:23:48 - INFO - Пользователь ввел: 'о' (осталось жизней: 5)
2025-12-18 16:23:48 - INFO - Угадана буква: 'о'
2025-12-18 16:23:48 - INFO - Прогресс слова: 2/8 букв - а, о
2025-12-18 16:23:53 - INFO - Пользователь ввел: 'алгоритм' (осталось жизней: 5)
2025-12-18 16:23:53 - INFO - Слово угадано целиком: 'алгоритм'
2025-12-18 16:23:53 - INFO - Начало слова #2: 'обучение' (длина: 8 букв)
2025-12-18 16:48:44 - INFO - === НАЧАЛО ИГРЫ === Сессия: 20251218_164844
2025-12-18 16:48:44 - INFO - Загружен рекорд: 0 слов
2025-12-18 16:49:02 - INFO - === НАЧАЛО ИГРЫ === Сессия: 20251218_164902
2025-12-18 16:49:02 - INFO - Загружен рекорд: 0 слов
2025-12-18 16:49:04 - WARNING - Некорректный выбор уровня: 'в'
